{"C:\\Users\\02\\Desktop\\chispum3\\chispum.js": {"path":"C:\\Users\\02\\Desktop\\chispum3\\chispum.js","all":false,"statementMap":{"0":{"start":{"line":1,"column":0},"end":{"line":1,"column":22}},"1":{"start":{"line":2,"column":0},"end":{"line":2,"column":37}},"2":{"start":{"line":3,"column":0},"end":{"line":3,"column":25}},"3":{"start":{"line":4,"column":0},"end":{"line":4,"column":30}},"4":{"start":{"line":5,"column":0},"end":{"line":5,"column":21}},"5":{"start":{"line":6,"column":0},"end":{"line":6,"column":30}},"6":{"start":{"line":7,"column":0},"end":{"line":7,"column":20}},"7":{"start":{"line":8,"column":0},"end":{"line":8,"column":5}},"8":{"start":{"line":9,"column":0},"end":{"line":9,"column":15}},"9":{"start":{"line":10,"column":0},"end":{"line":10,"column":1}},"10":{"start":{"line":11,"column":0},"end":{"line":11,"column":0}},"11":{"start":{"line":12,"column":0},"end":{"line":12,"column":32}},"12":{"start":{"line":13,"column":0},"end":{"line":13,"column":44}},"13":{"start":{"line":14,"column":0},"end":{"line":14,"column":0}},"14":{"start":{"line":15,"column":0},"end":{"line":15,"column":24}}},"s":{"0":5,"1":5,"2":2,"3":5,"4":1,"5":3,"6":1,"7":1,"8":1,"9":1,"10":1,"11":1,"12":1,"13":1,"14":1},"branchMap":{"0":{"type":"branch","line":1,"loc":{"start":{"line":1,"column":0},"end":{"line":10,"column":1}},"locations":[{"start":{"line":1,"column":0},"end":{"line":10,"column":1}}]},"1":{"type":"branch","line":2,"loc":{"start":{"line":2,"column":19},"end":{"line":2,"column":35}},"locations":[{"start":{"line":2,"column":19},"end":{"line":2,"column":35}}]},"2":{"type":"branch","line":2,"loc":{"start":{"line":2,"column":36},"end":{"line":4,"column":5}},"locations":[{"start":{"line":2,"column":36},"end":{"line":4,"column":5}}]},"3":{"type":"branch","line":4,"loc":{"start":{"line":4,"column":5},"end":{"line":8,"column":5}},"locations":[{"start":{"line":4,"column":5},"end":{"line":8,"column":5}}]},"4":{"type":"branch","line":4,"loc":{"start":{"line":4,"column":29},"end":{"line":6,"column":5}},"locations":[{"start":{"line":4,"column":29},"end":{"line":6,"column":5}}]},"5":{"type":"branch","line":6,"loc":{"start":{"line":6,"column":5},"end":{"line":8,"column":5}},"locations":[{"start":{"line":6,"column":5},"end":{"line":8,"column":5}}]},"6":{"type":"branch","line":6,"loc":{"start":{"line":6,"column":29},"end":{"line":8,"column":5}},"locations":[{"start":{"line":6,"column":29},"end":{"line":8,"column":5}}]},"7":{"type":"branch","line":8,"loc":{"start":{"line":8,"column":4},"end":{"line":10,"column":1}},"locations":[{"start":{"line":8,"column":4},"end":{"line":10,"column":1}}]}},"b":{"0":[5],"1":[3],"2":[2],"3":[3],"4":[1],"5":[2],"6":[1],"7":[1]},"fnMap":{"0":{"name":"chispum","decl":{"start":{"line":1,"column":0},"end":{"line":10,"column":1}},"loc":{"start":{"line":1,"column":0},"end":{"line":10,"column":1}},"line":1}},"f":{"0":5}}
}
